Determining if the pthread_create exist failed with the following output:
Change Dir: /home/onehalf/enph353_gym-gazebo/competitionDriving_ws/build/CMakeFiles/CMakeTmp

Run Build Command:"/usr/bin/make" "cmTC_ce81f/fast"
/usr/bin/make -f CMakeFiles/cmTC_ce81f.dir/build.make CMakeFiles/cmTC_ce81f.dir/build
make[1]: Entering directory '/home/onehalf/enph353_gym-gazebo/competitionDriving_ws/build/CMakeFiles/CMakeTmp'
Building C object CMakeFiles/cmTC_ce81f.dir/CheckSymbolExists.c.o
/usr/bin/cc    -o CMakeFiles/cmTC_ce81f.dir/CheckSymbolExists.c.o   -c /home/onehalf/enph353_gym-gazebo/competitionDriving_ws/build/CMakeFiles/CMakeTmp/CheckSymbolExists.c
Linking C executable cmTC_ce81f
/usr/bin/cmake -E cmake_link_script CMakeFiles/cmTC_ce81f.dir/link.txt --verbose=1
/usr/bin/cc      -rdynamic CMakeFiles/cmTC_ce81f.dir/CheckSymbolExists.c.o  -o cmTC_ce81f 
CMakeFiles/cmTC_ce81f.dir/CheckSymbolExists.c.o: In function `main':
CheckSymbolExists.c:(.text+0x1b): undefined reference to `pthread_create'
collect2: error: ld returned 1 exit status
CMakeFiles/cmTC_ce81f.dir/build.make:97: recipe for target 'cmTC_ce81f' failed
make[1]: *** [cmTC_ce81f] Error 1
make[1]: Leaving directory '/home/onehalf/enph353_gym-gazebo/competitionDriving_ws/build/CMakeFiles/CMakeTmp'
Makefile:126: recipe for target 'cmTC_ce81f/fast' failed
make: *** [cmTC_ce81f/fast] Error 2

File /home/onehalf/enph353_gym-gazebo/competitionDriving_ws/build/CMakeFiles/CMakeTmp/CheckSymbolExists.c:
/* */
#include <pthread.h>

int main(int argc, char** argv)
{
  (void)argv;
#ifndef pthread_create
  return ((int*)(&pthread_create))[argc];
#else
  (void)argc;
  return 0;
#endif
}

Determining if the function pthread_create exists in the pthreads failed with the following output:
Change Dir: /home/onehalf/enph353_gym-gazebo/competitionDriving_ws/build/CMakeFiles/CMakeTmp

Run Build Command:"/usr/bin/make" "cmTC_47b03/fast"
/usr/bin/make -f CMakeFiles/cmTC_47b03.dir/build.make CMakeFiles/cmTC_47b03.dir/build
make[1]: Entering directory '/home/onehalf/enph353_gym-gazebo/competitionDriving_ws/build/CMakeFiles/CMakeTmp'
Building C object CMakeFiles/cmTC_47b03.dir/CheckFunctionExists.c.o
/usr/bin/cc   -DCHECK_FUNCTION_EXISTS=pthread_create   -o CMakeFiles/cmTC_47b03.dir/CheckFunctionExists.c.o   -c /usr/share/cmake-3.10/Modules/CheckFunctionExists.c
Linking C executable cmTC_47b03
/usr/bin/cmake -E cmake_link_script CMakeFiles/cmTC_47b03.dir/link.txt --verbose=1
/usr/bin/cc  -DCHECK_FUNCTION_EXISTS=pthread_create    -rdynamic CMakeFiles/cmTC_47b03.dir/CheckFunctionExists.c.o  -o cmTC_47b03 -lpthreads 
/usr/bin/ld: cannot find -lpthreads
collect2: error: ld returned 1 exit status
CMakeFiles/cmTC_47b03.dir/build.make:97: recipe for target 'cmTC_47b03' failed
make[1]: *** [cmTC_47b03] Error 1
make[1]: Leaving directory '/home/onehalf/enph353_gym-gazebo/competitionDriving_ws/build/CMakeFiles/CMakeTmp'
Makefile:126: recipe for target 'cmTC_47b03/fast' failed
make: *** [cmTC_47b03/fast] Error 2


