Determining if the pthread_create exist failed with the following output:
Change Dir: /home/fizzer/new-enph353-team-grimm/enph353-team-grimm/convolutionNN_2_ws/build/CMakeFiles/CMakeTmp

Run Build Command:"/usr/bin/make" "cmTC_19f56/fast"
/usr/bin/make -f CMakeFiles/cmTC_19f56.dir/build.make CMakeFiles/cmTC_19f56.dir/build
make[1]: Entering directory '/home/fizzer/new-enph353-team-grimm/enph353-team-grimm/convolutionNN_2_ws/build/CMakeFiles/CMakeTmp'
Building C object CMakeFiles/cmTC_19f56.dir/CheckSymbolExists.c.o
/usr/bin/cc    -o CMakeFiles/cmTC_19f56.dir/CheckSymbolExists.c.o   -c /home/fizzer/new-enph353-team-grimm/enph353-team-grimm/convolutionNN_2_ws/build/CMakeFiles/CMakeTmp/CheckSymbolExists.c
Linking C executable cmTC_19f56
/usr/bin/cmake -E cmake_link_script CMakeFiles/cmTC_19f56.dir/link.txt --verbose=1
/usr/bin/cc      -rdynamic CMakeFiles/cmTC_19f56.dir/CheckSymbolExists.c.o  -o cmTC_19f56 
CMakeFiles/cmTC_19f56.dir/CheckSymbolExists.c.o: In function `main':
CheckSymbolExists.c:(.text+0x1b): undefined reference to `pthread_create'
collect2: error: ld returned 1 exit status
CMakeFiles/cmTC_19f56.dir/build.make:97: recipe for target 'cmTC_19f56' failed
make[1]: *** [cmTC_19f56] Error 1
make[1]: Leaving directory '/home/fizzer/new-enph353-team-grimm/enph353-team-grimm/convolutionNN_2_ws/build/CMakeFiles/CMakeTmp'
Makefile:126: recipe for target 'cmTC_19f56/fast' failed
make: *** [cmTC_19f56/fast] Error 2

File /home/fizzer/new-enph353-team-grimm/enph353-team-grimm/convolutionNN_2_ws/build/CMakeFiles/CMakeTmp/CheckSymbolExists.c:
/* */
#include <pthread.h>

int main(int argc, char** argv)
{
  (void)argv;
#ifndef pthread_create
  return ((int*)(&pthread_create))[argc];
#else
  (void)argc;
  return 0;
#endif
}

Determining if the function pthread_create exists in the pthreads failed with the following output:
Change Dir: /home/fizzer/new-enph353-team-grimm/enph353-team-grimm/convolutionNN_2_ws/build/CMakeFiles/CMakeTmp

Run Build Command:"/usr/bin/make" "cmTC_d14be/fast"
/usr/bin/make -f CMakeFiles/cmTC_d14be.dir/build.make CMakeFiles/cmTC_d14be.dir/build
make[1]: Entering directory '/home/fizzer/new-enph353-team-grimm/enph353-team-grimm/convolutionNN_2_ws/build/CMakeFiles/CMakeTmp'
Building C object CMakeFiles/cmTC_d14be.dir/CheckFunctionExists.c.o
/usr/bin/cc   -DCHECK_FUNCTION_EXISTS=pthread_create   -o CMakeFiles/cmTC_d14be.dir/CheckFunctionExists.c.o   -c /usr/share/cmake-3.10/Modules/CheckFunctionExists.c
Linking C executable cmTC_d14be
/usr/bin/cmake -E cmake_link_script CMakeFiles/cmTC_d14be.dir/link.txt --verbose=1
/usr/bin/cc  -DCHECK_FUNCTION_EXISTS=pthread_create    -rdynamic CMakeFiles/cmTC_d14be.dir/CheckFunctionExists.c.o  -o cmTC_d14be -lpthreads 
/usr/bin/ld: cannot find -lpthreads
collect2: error: ld returned 1 exit status
CMakeFiles/cmTC_d14be.dir/build.make:97: recipe for target 'cmTC_d14be' failed
make[1]: *** [cmTC_d14be] Error 1
make[1]: Leaving directory '/home/fizzer/new-enph353-team-grimm/enph353-team-grimm/convolutionNN_2_ws/build/CMakeFiles/CMakeTmp'
Makefile:126: recipe for target 'cmTC_d14be/fast' failed
make: *** [cmTC_d14be/fast] Error 2


