Determining if the pthread_create exist failed with the following output:
Change Dir: /home/onehalf/Desktop/enph353-team-grimm/convolutionNN_ws/build/CMakeFiles/CMakeTmp

Run Build Command:"/usr/bin/make" "cmTC_07562/fast"
/usr/bin/make -f CMakeFiles/cmTC_07562.dir/build.make CMakeFiles/cmTC_07562.dir/build
make[1]: Entering directory '/home/onehalf/Desktop/enph353-team-grimm/convolutionNN_ws/build/CMakeFiles/CMakeTmp'
Building C object CMakeFiles/cmTC_07562.dir/CheckSymbolExists.c.o
/usr/bin/cc    -o CMakeFiles/cmTC_07562.dir/CheckSymbolExists.c.o   -c /home/onehalf/Desktop/enph353-team-grimm/convolutionNN_ws/build/CMakeFiles/CMakeTmp/CheckSymbolExists.c
Linking C executable cmTC_07562
/usr/bin/cmake -E cmake_link_script CMakeFiles/cmTC_07562.dir/link.txt --verbose=1
/usr/bin/cc      -rdynamic CMakeFiles/cmTC_07562.dir/CheckSymbolExists.c.o  -o cmTC_07562 
CMakeFiles/cmTC_07562.dir/CheckSymbolExists.c.o: In function `main':
CheckSymbolExists.c:(.text+0x1b): undefined reference to `pthread_create'
collect2: error: ld returned 1 exit status
CMakeFiles/cmTC_07562.dir/build.make:97: recipe for target 'cmTC_07562' failed
make[1]: *** [cmTC_07562] Error 1
make[1]: Leaving directory '/home/onehalf/Desktop/enph353-team-grimm/convolutionNN_ws/build/CMakeFiles/CMakeTmp'
Makefile:126: recipe for target 'cmTC_07562/fast' failed
make: *** [cmTC_07562/fast] Error 2

File /home/onehalf/Desktop/enph353-team-grimm/convolutionNN_ws/build/CMakeFiles/CMakeTmp/CheckSymbolExists.c:
/* */
#include <pthread.h>

int main(int argc, char** argv)
{
  (void)argv;
#ifndef pthread_create
  return ((int*)(&pthread_create))[argc];
#else
  (void)argc;
  return 0;
#endif
}

Determining if the function pthread_create exists in the pthreads failed with the following output:
Change Dir: /home/onehalf/Desktop/enph353-team-grimm/convolutionNN_ws/build/CMakeFiles/CMakeTmp

Run Build Command:"/usr/bin/make" "cmTC_27c3f/fast"
/usr/bin/make -f CMakeFiles/cmTC_27c3f.dir/build.make CMakeFiles/cmTC_27c3f.dir/build
make[1]: Entering directory '/home/onehalf/Desktop/enph353-team-grimm/convolutionNN_ws/build/CMakeFiles/CMakeTmp'
Building C object CMakeFiles/cmTC_27c3f.dir/CheckFunctionExists.c.o
/usr/bin/cc   -DCHECK_FUNCTION_EXISTS=pthread_create   -o CMakeFiles/cmTC_27c3f.dir/CheckFunctionExists.c.o   -c /usr/share/cmake-3.10/Modules/CheckFunctionExists.c
Linking C executable cmTC_27c3f
/usr/bin/cmake -E cmake_link_script CMakeFiles/cmTC_27c3f.dir/link.txt --verbose=1
/usr/bin/cc  -DCHECK_FUNCTION_EXISTS=pthread_create    -rdynamic CMakeFiles/cmTC_27c3f.dir/CheckFunctionExists.c.o  -o cmTC_27c3f -lpthreads 
/usr/bin/ld: cannot find -lpthreads
collect2: error: ld returned 1 exit status
CMakeFiles/cmTC_27c3f.dir/build.make:97: recipe for target 'cmTC_27c3f' failed
make[1]: *** [cmTC_27c3f] Error 1
make[1]: Leaving directory '/home/onehalf/Desktop/enph353-team-grimm/convolutionNN_ws/build/CMakeFiles/CMakeTmp'
Makefile:126: recipe for target 'cmTC_27c3f/fast' failed
make: *** [cmTC_27c3f/fast] Error 2


