Determining if the pthread_create exist failed with the following output:
Change Dir: /home/onehalf/Desktop/enph353-team-grimm/competition_gym_gazebo_ws/gym_gazebo/envs/enph353/build/CMakeFiles/CMakeTmp

Run Build Command:"/usr/bin/make" "cmTC_7ed8c/fast"
/usr/bin/make -f CMakeFiles/cmTC_7ed8c.dir/build.make CMakeFiles/cmTC_7ed8c.dir/build
make[1]: Entering directory '/home/onehalf/Desktop/enph353-team-grimm/competition_gym_gazebo_ws/gym_gazebo/envs/enph353/build/CMakeFiles/CMakeTmp'
Building C object CMakeFiles/cmTC_7ed8c.dir/CheckSymbolExists.c.o
/usr/bin/cc    -o CMakeFiles/cmTC_7ed8c.dir/CheckSymbolExists.c.o   -c /home/onehalf/Desktop/enph353-team-grimm/competition_gym_gazebo_ws/gym_gazebo/envs/enph353/build/CMakeFiles/CMakeTmp/CheckSymbolExists.c
Linking C executable cmTC_7ed8c
/usr/bin/cmake -E cmake_link_script CMakeFiles/cmTC_7ed8c.dir/link.txt --verbose=1
/usr/bin/cc      -rdynamic CMakeFiles/cmTC_7ed8c.dir/CheckSymbolExists.c.o  -o cmTC_7ed8c 
CMakeFiles/cmTC_7ed8c.dir/CheckSymbolExists.c.o: In function `main':
CheckSymbolExists.c:(.text+0x1b): undefined reference to `pthread_create'
collect2: error: ld returned 1 exit status
CMakeFiles/cmTC_7ed8c.dir/build.make:97: recipe for target 'cmTC_7ed8c' failed
make[1]: *** [cmTC_7ed8c] Error 1
make[1]: Leaving directory '/home/onehalf/Desktop/enph353-team-grimm/competition_gym_gazebo_ws/gym_gazebo/envs/enph353/build/CMakeFiles/CMakeTmp'
Makefile:126: recipe for target 'cmTC_7ed8c/fast' failed
make: *** [cmTC_7ed8c/fast] Error 2

File /home/onehalf/Desktop/enph353-team-grimm/competition_gym_gazebo_ws/gym_gazebo/envs/enph353/build/CMakeFiles/CMakeTmp/CheckSymbolExists.c:
/* */
#include <pthread.h>

int main(int argc, char** argv)
{
  (void)argv;
#ifndef pthread_create
  return ((int*)(&pthread_create))[argc];
#else
  (void)argc;
  return 0;
#endif
}

Determining if the function pthread_create exists in the pthreads failed with the following output:
Change Dir: /home/onehalf/Desktop/enph353-team-grimm/competition_gym_gazebo_ws/gym_gazebo/envs/enph353/build/CMakeFiles/CMakeTmp

Run Build Command:"/usr/bin/make" "cmTC_0e48e/fast"
/usr/bin/make -f CMakeFiles/cmTC_0e48e.dir/build.make CMakeFiles/cmTC_0e48e.dir/build
make[1]: Entering directory '/home/onehalf/Desktop/enph353-team-grimm/competition_gym_gazebo_ws/gym_gazebo/envs/enph353/build/CMakeFiles/CMakeTmp'
Building C object CMakeFiles/cmTC_0e48e.dir/CheckFunctionExists.c.o
/usr/bin/cc   -DCHECK_FUNCTION_EXISTS=pthread_create   -o CMakeFiles/cmTC_0e48e.dir/CheckFunctionExists.c.o   -c /usr/share/cmake-3.10/Modules/CheckFunctionExists.c
Linking C executable cmTC_0e48e
/usr/bin/cmake -E cmake_link_script CMakeFiles/cmTC_0e48e.dir/link.txt --verbose=1
/usr/bin/cc  -DCHECK_FUNCTION_EXISTS=pthread_create    -rdynamic CMakeFiles/cmTC_0e48e.dir/CheckFunctionExists.c.o  -o cmTC_0e48e -lpthreads 
/usr/bin/ld: cannot find -lpthreads
collect2: error: ld returned 1 exit status
CMakeFiles/cmTC_0e48e.dir/build.make:97: recipe for target 'cmTC_0e48e' failed
make[1]: *** [cmTC_0e48e] Error 1
make[1]: Leaving directory '/home/onehalf/Desktop/enph353-team-grimm/competition_gym_gazebo_ws/gym_gazebo/envs/enph353/build/CMakeFiles/CMakeTmp'
Makefile:126: recipe for target 'cmTC_0e48e/fast' failed
make: *** [cmTC_0e48e/fast] Error 2


