Determining if the pthread_create exist failed with the following output:
Change Dir: /home/onehalf/Desktop/enph353-team-grimm/competition353_ws/build/CMakeFiles/CMakeTmp

Run Build Command:"/usr/bin/make" "cmTC_9929c/fast"
/usr/bin/make -f CMakeFiles/cmTC_9929c.dir/build.make CMakeFiles/cmTC_9929c.dir/build
make[1]: Entering directory '/home/onehalf/Desktop/enph353-team-grimm/competition353_ws/build/CMakeFiles/CMakeTmp'
Building C object CMakeFiles/cmTC_9929c.dir/CheckSymbolExists.c.o
/usr/bin/cc    -o CMakeFiles/cmTC_9929c.dir/CheckSymbolExists.c.o   -c /home/onehalf/Desktop/enph353-team-grimm/competition353_ws/build/CMakeFiles/CMakeTmp/CheckSymbolExists.c
Linking C executable cmTC_9929c
/usr/bin/cmake -E cmake_link_script CMakeFiles/cmTC_9929c.dir/link.txt --verbose=1
/usr/bin/cc      -rdynamic CMakeFiles/cmTC_9929c.dir/CheckSymbolExists.c.o  -o cmTC_9929c 
CMakeFiles/cmTC_9929c.dir/CheckSymbolExists.c.o: In function `main':
CheckSymbolExists.c:(.text+0x1b): undefined reference to `pthread_create'
collect2: error: ld returned 1 exit status
CMakeFiles/cmTC_9929c.dir/build.make:97: recipe for target 'cmTC_9929c' failed
make[1]: *** [cmTC_9929c] Error 1
make[1]: Leaving directory '/home/onehalf/Desktop/enph353-team-grimm/competition353_ws/build/CMakeFiles/CMakeTmp'
Makefile:126: recipe for target 'cmTC_9929c/fast' failed
make: *** [cmTC_9929c/fast] Error 2

File /home/onehalf/Desktop/enph353-team-grimm/competition353_ws/build/CMakeFiles/CMakeTmp/CheckSymbolExists.c:
/* */
#include <pthread.h>

int main(int argc, char** argv)
{
  (void)argv;
#ifndef pthread_create
  return ((int*)(&pthread_create))[argc];
#else
  (void)argc;
  return 0;
#endif
}

Determining if the function pthread_create exists in the pthreads failed with the following output:
Change Dir: /home/onehalf/Desktop/enph353-team-grimm/competition353_ws/build/CMakeFiles/CMakeTmp

Run Build Command:"/usr/bin/make" "cmTC_4cdf2/fast"
/usr/bin/make -f CMakeFiles/cmTC_4cdf2.dir/build.make CMakeFiles/cmTC_4cdf2.dir/build
make[1]: Entering directory '/home/onehalf/Desktop/enph353-team-grimm/competition353_ws/build/CMakeFiles/CMakeTmp'
Building C object CMakeFiles/cmTC_4cdf2.dir/CheckFunctionExists.c.o
/usr/bin/cc   -DCHECK_FUNCTION_EXISTS=pthread_create   -o CMakeFiles/cmTC_4cdf2.dir/CheckFunctionExists.c.o   -c /usr/share/cmake-3.10/Modules/CheckFunctionExists.c
Linking C executable cmTC_4cdf2
/usr/bin/cmake -E cmake_link_script CMakeFiles/cmTC_4cdf2.dir/link.txt --verbose=1
/usr/bin/cc  -DCHECK_FUNCTION_EXISTS=pthread_create    -rdynamic CMakeFiles/cmTC_4cdf2.dir/CheckFunctionExists.c.o  -o cmTC_4cdf2 -lpthreads 
/usr/bin/ld: cannot find -lpthreads
collect2: error: ld returned 1 exit status
CMakeFiles/cmTC_4cdf2.dir/build.make:97: recipe for target 'cmTC_4cdf2' failed
make[1]: *** [cmTC_4cdf2] Error 1
make[1]: Leaving directory '/home/onehalf/Desktop/enph353-team-grimm/competition353_ws/build/CMakeFiles/CMakeTmp'
Makefile:126: recipe for target 'cmTC_4cdf2/fast' failed
make: *** [cmTC_4cdf2/fast] Error 2


